Determining size of off64_t failed with the following output:
Change Dir: E:/Projects/fispToos/assimp/Build/CMakeFiles/CMakeTmp

Run Build Command:"D:\program files\VS2017/MSBuild/15.0/Bin/MSBuild.exe" "cmTC_370c4.vcxproj" "/p:Configuration=Debug" "/p:VisualStudioVersion=15.0"
Microsoft (R) Build Engine version 15.1.548.43366
Copyright (C) Microsoft Corporation. All rights reserved.

Build started 5/8/2017 13:17:17.
Project "E:\Projects\fispToos\assimp\Build\CMakeFiles\CMakeTmp\cmTC_370c4.vcxproj" on node 1 (default targets).
PrepareForBuild:
  Creating directory "cmTC_370c4.dir\Debug\".
  Creating directory "E:\Projects\fispToos\assimp\Build\CMakeFiles\CMakeTmp\Debug\".
  Creating directory "cmTC_370c4.dir\Debug\cmTC_370c4.tlog\".
InitializeBuildStatus:
  Creating "cmTC_370c4.dir\Debug\cmTC_370c4.tlog\unsuccessfulbuild" because "AlwaysCreate" was specified.
ClCompile:
  D:\program files\VS2017\VC\Tools\MSVC\14.10.25017\bin\HostX86\x86\CL.exe /c /Zi /W3 /WX- /diagnostics:classic /Od /Ob0 /Oy- /D WIN32 /D _WINDOWS /D _LARGEFILE64_SOURCE=1 /D HAVE_SYS_TYPES_H /D HAVE_STDINT_H /D HAVE_STDDEF_H /D "CMAKE_INTDIR=\"Debug\"" /D _MBCS /Gm- /RTC1 /MDd /GS /fp:precise /Zc:wchar_t /Zc:forScope /Zc:inline /Fo"cmTC_370c4.dir\Debug\\" /Fd"cmTC_370c4.dir\Debug\vc141.pdb" /Gd /TC /analyze- /errorReport:queue E:\Projects\fispToos\assimp\Build\CMakeFiles\CheckTypeSize\OFF64_T.c
  Microsoft (R) C/C++ Optimizing Compiler Version 19.10.25017 for x86
  Copyright (C) Microsoft Corporation.  All rights reserved.
  
  cl /c /Zi /W3 /WX- /diagnostics:classic /Od /Ob0 /Oy- /D WIN32 /D _WINDOWS /D _LARGEFILE64_SOURCE=1 /D HAVE_SYS_TYPES_H /D HAVE_STDINT_H /D HAVE_STDDEF_H /D "CMAKE_INTDIR=\"Debug\"" /D _MBCS /Gm- /RTC1 /MDd /GS /fp:precise /Zc:wchar_t /Zc:forScope /Zc:inline /Fo"cmTC_370c4.dir\Debug\\" /Fd"cmTC_370c4.dir\Debug\vc141.pdb" /Gd /TC /analyze- /errorReport:queue E:\Projects\fispToos\assimp\Build\CMakeFiles\CheckTypeSize\OFF64_T.c
  OFF64_T.c
  
E:\Projects\fispToos\assimp\Build\CMakeFiles\CheckTypeSize\OFF64_T.c(19): error C2065: 'off64_t': undeclared identifier [E:\Projects\fispToos\assimp\Build\CMakeFiles\CMakeTmp\cmTC_370c4.vcxproj]
E:\Projects\fispToos\assimp\Build\CMakeFiles\CheckTypeSize\OFF64_T.c(20): error C2065: 'off64_t': undeclared identifier [E:\Projects\fispToos\assimp\Build\CMakeFiles\CMakeTmp\cmTC_370c4.vcxproj]
E:\Projects\fispToos\assimp\Build\CMakeFiles\CheckTypeSize\OFF64_T.c(21): error C2065: 'off64_t': undeclared identifier [E:\Projects\fispToos\assimp\Build\CMakeFiles\CMakeTmp\cmTC_370c4.vcxproj]
E:\Projects\fispToos\assimp\Build\CMakeFiles\CheckTypeSize\OFF64_T.c(22): error C2065: 'off64_t': undeclared identifier [E:\Projects\fispToos\assimp\Build\CMakeFiles\CMakeTmp\cmTC_370c4.vcxproj]
E:\Projects\fispToos\assimp\Build\CMakeFiles\CheckTypeSize\OFF64_T.c(23): error C2065: 'off64_t': undeclared identifier [E:\Projects\fispToos\assimp\Build\CMakeFiles\CMakeTmp\cmTC_370c4.vcxproj]
Done Building Project "E:\Projects\fispToos\assimp\Build\CMakeFiles\CMakeTmp\cmTC_370c4.vcxproj" (default targets) -- FAILED.

Build FAILED.

"E:\Projects\fispToos\assimp\Build\CMakeFiles\CMakeTmp\cmTC_370c4.vcxproj" (default target) (1) ->
(ClCompile target) -> 
  E:\Projects\fispToos\assimp\Build\CMakeFiles\CheckTypeSize\OFF64_T.c(19): error C2065: 'off64_t': undeclared identifier [E:\Projects\fispToos\assimp\Build\CMakeFiles\CMakeTmp\cmTC_370c4.vcxproj]
  E:\Projects\fispToos\assimp\Build\CMakeFiles\CheckTypeSize\OFF64_T.c(20): error C2065: 'off64_t': undeclared identifier [E:\Projects\fispToos\assimp\Build\CMakeFiles\CMakeTmp\cmTC_370c4.vcxproj]
  E:\Projects\fispToos\assimp\Build\CMakeFiles\CheckTypeSize\OFF64_T.c(21): error C2065: 'off64_t': undeclared identifier [E:\Projects\fispToos\assimp\Build\CMakeFiles\CMakeTmp\cmTC_370c4.vcxproj]
  E:\Projects\fispToos\assimp\Build\CMakeFiles\CheckTypeSize\OFF64_T.c(22): error C2065: 'off64_t': undeclared identifier [E:\Projects\fispToos\assimp\Build\CMakeFiles\CMakeTmp\cmTC_370c4.vcxproj]
  E:\Projects\fispToos\assimp\Build\CMakeFiles\CheckTypeSize\OFF64_T.c(23): error C2065: 'off64_t': undeclared identifier [E:\Projects\fispToos\assimp\Build\CMakeFiles\CMakeTmp\cmTC_370c4.vcxproj]

    0 Warning(s)
    5 Error(s)

Time Elapsed 00:00:00.45

E:/Projects/fispToos/assimp/Build/CMakeFiles/CheckTypeSize/OFF64_T.c:
#include <sys/types.h>
#include <stdint.h>
#include <stddef.h>


#undef KEY
#if defined(__i386)
# define KEY '_','_','i','3','8','6'
#elif defined(__x86_64)
# define KEY '_','_','x','8','6','_','6','4'
#elif defined(__ppc__)
# define KEY '_','_','p','p','c','_','_'
#elif defined(__ppc64__)
# define KEY '_','_','p','p','c','6','4','_','_'
#endif

#define SIZE (sizeof(off64_t))
char info_size[] =  {'I', 'N', 'F', 'O', ':', 's','i','z','e','[',
  ('0' + ((SIZE / 10000)%10)),
  ('0' + ((SIZE / 1000)%10)),
  ('0' + ((SIZE / 100)%10)),
  ('0' + ((SIZE / 10)%10)),
  ('0' +  (SIZE    % 10)),
  ']',
#ifdef KEY
  ' ','k','e','y','[', KEY, ']',
#endif
  '\0'};

#ifdef __CLASSIC_C__
int main(argc, argv) int argc; char *argv[];
#else
int main(int argc, char *argv[])
#endif
{
  int require = 0;
  require += info_size[argc];
  (void)argv;
  return require;
}


Determining if the function fseeko exists failed with the following output:
Change Dir: E:/Projects/fispToos/assimp/Build/CMakeFiles/CMakeTmp

Run Build Command:"D:\program files\VS2017/MSBuild/15.0/Bin/MSBuild.exe" "cmTC_54d58.vcxproj" "/p:Configuration=Debug" "/p:VisualStudioVersion=15.0"
Microsoft (R) Build Engine version 15.1.548.43366
Copyright (C) Microsoft Corporation. All rights reserved.

Build started 5/8/2017 13:17:18.
Project "E:\Projects\fispToos\assimp\Build\CMakeFiles\CMakeTmp\cmTC_54d58.vcxproj" on node 1 (default targets).
PrepareForBuild:
  Creating directory "cmTC_54d58.dir\Debug\".
  Creating directory "E:\Projects\fispToos\assimp\Build\CMakeFiles\CMakeTmp\Debug\".
  Creating directory "cmTC_54d58.dir\Debug\cmTC_54d58.tlog\".
InitializeBuildStatus:
  Creating "cmTC_54d58.dir\Debug\cmTC_54d58.tlog\unsuccessfulbuild" because "AlwaysCreate" was specified.
ClCompile:
  D:\program files\VS2017\VC\Tools\MSVC\14.10.25017\bin\HostX86\x86\CL.exe /c /Zi /W3 /WX- /diagnostics:classic /Od /Ob0 /Oy- /D WIN32 /D _WINDOWS /D CHECK_FUNCTION_EXISTS=fseeko /D "CMAKE_INTDIR=\"Debug\"" /D _MBCS /Gm- /RTC1 /MDd /GS /fp:precise /Zc:wchar_t /Zc:forScope /Zc:inline /Fo"cmTC_54d58.dir\Debug\\" /Fd"cmTC_54d58.dir\Debug\vc141.pdb" /Gd /TC /analyze- /errorReport:queue "D:\program files\tools\CMake\share\cmake-3.8\Modules\CheckFunctionExists.c"
  Microsoft (R) C/C++ Optimizing Compiler Version 19.10.25017 for x86
  Copyright (C) Microsoft Corporation.  All rights reserved.
  
  cl /c /Zi /W3 /WX- /diagnostics:classic /Od /Ob0 /Oy- /D WIN32 /D _WINDOWS /D CHECK_FUNCTION_EXISTS=fseeko /D "CMAKE_INTDIR=\"Debug\"" /D _MBCS /Gm- /RTC1 /MDd /GS /fp:precise /Zc:wchar_t /Zc:forScope /Zc:inline /Fo"cmTC_54d58.dir\Debug\\" /Fd"cmTC_54d58.dir\Debug\vc141.pdb" /Gd /TC /analyze- /errorReport:queue "D:\program files\tools\CMake\share\cmake-3.8\Modules\CheckFunctionExists.c"
  CheckFunctionExists.c
  
Link:
  D:\program files\VS2017\VC\Tools\MSVC\14.10.25017\bin\HostX86\x86\link.exe /ERRORREPORT:QUEUE /OUT:"E:\Projects\fispToos\assimp\Build\CMakeFiles\CMakeTmp\Debug\cmTC_54d58.exe" /INCREMENTAL /NOLOGO kernel32.lib user32.lib gdi32.lib winspool.lib shell32.lib ole32.lib oleaut32.lib uuid.lib comdlg32.lib advapi32.lib /MANIFEST /MANIFESTUAC:"level='asInvoker' uiAccess='false'" /manifest:embed /DEBUG /PDB:"E:/Projects/fispToos/assimp/Build/CMakeFiles/CMakeTmp/Debug/cmTC_54d58.pdb" /SUBSYSTEM:CONSOLE /TLBID:1 /DYNAMICBASE /NXCOMPAT /IMPLIB:"E:/Projects/fispToos/assimp/Build/CMakeFiles/CMakeTmp/Debug/cmTC_54d58.lib" /MACHINE:X86 /SAFESEH   /machine:X86 cmTC_54d58.dir\Debug\CheckFunctionExists.obj
CheckFunctionExists.obj : error LNK2019: unresolved external symbol _fseeko referenced in function _main [E:\Projects\fispToos\assimp\Build\CMakeFiles\CMakeTmp\cmTC_54d58.vcxproj]
E:\Projects\fispToos\assimp\Build\CMakeFiles\CMakeTmp\Debug\cmTC_54d58.exe : fatal error LNK1120: 1 unresolved externals [E:\Projects\fispToos\assimp\Build\CMakeFiles\CMakeTmp\cmTC_54d58.vcxproj]
Done Building Project "E:\Projects\fispToos\assimp\Build\CMakeFiles\CMakeTmp\cmTC_54d58.vcxproj" (default targets) -- FAILED.

Build FAILED.

"E:\Projects\fispToos\assimp\Build\CMakeFiles\CMakeTmp\cmTC_54d58.vcxproj" (default target) (1) ->
(Link target) -> 
  CheckFunctionExists.obj : error LNK2019: unresolved external symbol _fseeko referenced in function _main [E:\Projects\fispToos\assimp\Build\CMakeFiles\CMakeTmp\cmTC_54d58.vcxproj]
  E:\Projects\fispToos\assimp\Build\CMakeFiles\CMakeTmp\Debug\cmTC_54d58.exe : fatal error LNK1120: 1 unresolved externals [E:\Projects\fispToos\assimp\Build\CMakeFiles\CMakeTmp\cmTC_54d58.vcxproj]

    0 Warning(s)
    2 Error(s)

Time Elapsed 00:00:00.68


Determining if the include file unistd.h exists failed with the following output:
Change Dir: E:/Projects/fispToos/assimp/Build/CMakeFiles/CMakeTmp

Run Build Command:"D:\program files\VS2017/MSBuild/15.0/Bin/MSBuild.exe" "cmTC_ade0a.vcxproj" "/p:Configuration=Debug" "/p:VisualStudioVersion=15.0"
Microsoft (R) Build Engine version 15.1.548.43366
Copyright (C) Microsoft Corporation. All rights reserved.

Build started 5/8/2017 13:17:19.
Project "E:\Projects\fispToos\assimp\Build\CMakeFiles\CMakeTmp\cmTC_ade0a.vcxproj" on node 1 (default targets).
PrepareForBuild:
  Creating directory "cmTC_ade0a.dir\Debug\".
  Creating directory "E:\Projects\fispToos\assimp\Build\CMakeFiles\CMakeTmp\Debug\".
  Creating directory "cmTC_ade0a.dir\Debug\cmTC_ade0a.tlog\".
InitializeBuildStatus:
  Creating "cmTC_ade0a.dir\Debug\cmTC_ade0a.tlog\unsuccessfulbuild" because "AlwaysCreate" was specified.
ClCompile:
  D:\program files\VS2017\VC\Tools\MSVC\14.10.25017\bin\HostX86\x86\CL.exe /c /Zi /W3 /WX- /diagnostics:classic /Od /Ob0 /Oy- /D WIN32 /D _WINDOWS /D "CMAKE_INTDIR=\"Debug\"" /D _MBCS /Gm- /RTC1 /MDd /GS /fp:precise /Zc:wchar_t /Zc:forScope /Zc:inline /Fo"cmTC_ade0a.dir\Debug\\" /Fd"cmTC_ade0a.dir\Debug\vc141.pdb" /Gd /TC /analyze- /errorReport:queue E:\Projects\fispToos\assimp\Build\CMakeFiles\CMakeTmp\CheckIncludeFile.c
  Microsoft (R) C/C++ Optimizing Compiler Version 19.10.25017 for x86
  Copyright (C) Microsoft Corporation.  All rights reserved.
  
  cl /c /Zi /W3 /WX- /diagnostics:classic /Od /Ob0 /Oy- /D WIN32 /D _WINDOWS /D "CMAKE_INTDIR=\"Debug\"" /D _MBCS /Gm- /RTC1 /MDd /GS /fp:precise /Zc:wchar_t /Zc:forScope /Zc:inline /Fo"cmTC_ade0a.dir\Debug\\" /Fd"cmTC_ade0a.dir\Debug\vc141.pdb" /Gd /TC /analyze- /errorReport:queue E:\Projects\fispToos\assimp\Build\CMakeFiles\CMakeTmp\CheckIncludeFile.c
  CheckIncludeFile.c
  
E:\Projects\fispToos\assimp\Build\CMakeFiles\CMakeTmp\CheckIncludeFile.c(1): fatal error C1083: Cannot open include file: 'unistd.h': No such file or directory [E:\Projects\fispToos\assimp\Build\CMakeFiles\CMakeTmp\cmTC_ade0a.vcxproj]
Done Building Project "E:\Projects\fispToos\assimp\Build\CMakeFiles\CMakeTmp\cmTC_ade0a.vcxproj" (default targets) -- FAILED.

Build FAILED.

"E:\Projects\fispToos\assimp\Build\CMakeFiles\CMakeTmp\cmTC_ade0a.vcxproj" (default target) (1) ->
(ClCompile target) -> 
  E:\Projects\fispToos\assimp\Build\CMakeFiles\CMakeTmp\CheckIncludeFile.c(1): fatal error C1083: Cannot open include file: 'unistd.h': No such file or directory [E:\Projects\fispToos\assimp\Build\CMakeFiles\CMakeTmp\cmTC_ade0a.vcxproj]

    0 Warning(s)
    1 Error(s)

Time Elapsed 00:00:00.45


